
> schoolui@0.0.0 build
> vite build

[36mvite v7.3.6 [32mbuilding client environment for production...[36m[39m
transforming...
[33mnode_modules/@microsoft/signalr/dist/esm/Utils.js (189:0): A comment

"/*#__PURE__*/"

in "node_modules/@microsoft/signalr/dist/esm/Utils.js" contains an annotation that Rollup cannot interpret due to the position of the comment. The comment will be removed to avoid issues.[39m
[33mnode_modules/@microsoft/signalr/dist/esm/Utils.js (207:0): A comment

"/*#__PURE__*/"

in "node_modules/@microsoft/signalr/dist/esm/Utils.js" contains an annotation that Rollup cannot interpret due to the position of the comment. The comment will be removed to avoid issues.[39m
[32m✓[39m 2129 modules transformed.
rendering chunks...
computing gzip size...
[2mdist/[22m[32mmanifest.webmanifest                                                   [39m[1m[2m    0.44 kB[22m[1m[22m
[2mdist/[22m[32mindex.html                                                             [39m[1m[2m    0.71 kB[22m[1m[22m[2m │ gzip:   0.39 kB[22m
[2mdist/[22m[32massets/inter-vietnamese-400-normal-DMkecbls.woff2                      [39m[1m[2m    4.97 kB[22m[1m[22m
[2mdist/[22m[32massets/inter-vietnamese-600-normal-Cc8MFFhd.woff2                      [39m[1m[2m    5.10 kB[22m[1m[22m
[2mdist/[22m[32massets/inter-vietnamese-700-normal-DlLaEgI2.woff2                      [39m[1m[2m    5.10 kB[22m[1m[22m
[2mdist/[22m[32massets/inter-vietnamese-500-normal-DOriooB6.woff2                      [39m[1m[2m    5.11 kB[22m[1m[22m
[2mdist/[22m[32massets/inter-vietnamese-800-normal-Cm7tD1pz.woff2                      [39m[1m[2m    5.18 kB[22m[1m[22m
[2mdist/[22m[32massets/inter-greek-ext-400-normal-DGGRlc-M.woff2                       [39m[1m[2m    5.26 kB[22m[1m[22m
[2mdist/[22m[32massets/inter-greek-ext-500-normal-C4iEst2y.woff2                       [39m[1m[2m    5.43 kB[22m[1m[22m
[2mdist/[22m[32massets/inter-greek-ext-600-normal-DRtmH8MT.woff2                       [39m[1m[2m    5.43 kB[22m[1m[22m
[2mdist/[22m[32massets/inter-greek-ext-700-normal-qfdV9bQt.woff2                       [39m[1m[2m    5.44 kB[22m[1m[22m
[2mdist/[22m[32massets/inter-greek-ext-800-normal-B--PVpEC.woff2                       [39m[1m[2m    5.55 kB[22m[1m[22m
[2mdist/[22m[32massets/inter-vietnamese-400-normal-Bbgyi5SW.woff                       [39m[1m[2m    6.50 kB[22m[1m[22m
[2mdist/[22m[32massets/inter-vietnamese-500-normal-mJboJaSs.woff                       [39m[1m[2m    6.60 kB[22m[1m[22m
[2mdist/[22m[32massets/inter-vietnamese-700-normal-BZaoP0fm.woff                       [39m[1m[2m    6.63 kB[22m[1m[22m
[2mdist/[22m[32massets/inter-vietnamese-600-normal-BuLX-rYi.woff                       [39m[1m[2m    6.64 kB[22m[1m[22m
[2mdist/[22m[32massets/inter-vietnamese-800-normal-DDlpr_Ee.woff                       [39m[1m[2m    6.64 kB[22m[1m[22m
[2mdist/[22m[32massets/inter-greek-ext-400-normal-KugGGMne.woff                        [39m[1m[2m    7.06 kB[22m[1m[22m
[2mdist/[22m[32massets/inter-greek-ext-500-normal-2j5mBUwD.woff                        [39m[1m[2m    7.19 kB[22m[1m[22m
[2mdist/[22m[32massets/inter-greek-ext-800-normal-DUe57HfS.woff                        [39m[1m[2m    7.20 kB[22m[1m[22m
[2mdist/[22m[32massets/inter-greek-ext-600-normal-B8X0CLgF.woff                        [39m[1m[2m    7.21 kB[22m[1m[22m
[2mdist/[22m[32massets/inter-greek-ext-700-normal-BoQ6DsYi.woff                        [39m[1m[2m    7.22 kB[22m[1m[22m
[2mdist/[22m[32massets/cairo-latin-ext-400-normal-xCL67Y2R.woff2                       [39m[1m[2m    7.34 kB[22m[1m[22m
[2mdist/[22m[32massets/cairo-latin-ext-800-normal-ChnkP8hn.woff2                       [39m[1m[2m    7.43 kB[22m[1m[22m
[2mdist/[22m[32massets/cairo-latin-ext-500-normal-DxXN6Mb5.woff2                       [39m[1m[2m    7.46 kB[22m[1m[22m
[2mdist/[22m[32massets/cairo-latin-ext-700-normal-Cscux539.woff2                       [39m[1m[2m    7.46 kB[22m[1m[22m
[2mdist/[22m[32massets/cairo-latin-ext-600-normal-DuRnqffh.woff2                       [39m[1m[2m    7.48 kB[22m[1m[22m
[2mdist/[22m[32massets/inter-cyrillic-400-normal-obahsSVq.woff2                        [39m[1m[2m    7.71 kB[22m[1m[22m
[2mdist/[22m[32massets/inter-greek-400-normal-B4URO6DV.woff2                           [39m[1m[2m    7.78 kB[22m[1m[22m
[2mdist/[22m[32massets/inter-greek-800-normal-CLIouy3y.woff2                           [39m[1m[2m    7.89 kB[22m[1m[22m
[2mdist/[22m[32massets/inter-cyrillic-500-normal-BasfLYem.woff2                        [39m[1m[2m    7.90 kB[22m[1m[22m
[2mdist/[22m[32massets/inter-cyrillic-700-normal-CjBOestx.woff2                        [39m[1m[2m    7.90 kB[22m[1m[22m
[2mdist/[22m[32massets/inter-greek-500-normal-BIZE56-Y.woff2                           [39m[1m[2m    7.92 kB[22m[1m[22m
[2mdist/[22m[32massets/inter-greek-700-normal-C3JjAnD8.woff2                           [39m[1m[2m    7.92 kB[22m[1m[22m
[2mdist/[22m[32massets/inter-greek-600-normal-plRanbMR.woff2                           [39m[1m[2m    7.94 kB[22m[1m[22m
[2mdist/[22m[32massets/inter-cyrillic-600-normal-CWCymEST.woff2                        [39m[1m[2m    7.97 kB[22m[1m[22m
[2mdist/[22m[32massets/inter-cyrillic-800-normal-C7MGvYyJ.woff2                        [39m[1m[2m    7.99 kB[22m[1m[22m
[2mdist/[22m[32massets/inter-cyrillic-400-normal-HOLc17fK.woff                         [39m[1m[2m    9.78 kB[22m[1m[22m
[2mdist/[22m[32massets/inter-cyrillic-700-normal-DrXBdSj3.woff                         [39m[1m[2m    9.91 kB[22m[1m[22m
[2mdist/[22m[32massets/inter-greek-400-normal-q2sYcFCs.woff                            [39m[1m[2m    9.92 kB[22m[1m[22m
[2mdist/[22m[32massets/inter-cyrillic-600-normal-4D_pXhcN.woff                         [39m[1m[2m    9.94 kB[22m[1m[22m
[2mdist/[22m[32massets/inter-cyrillic-500-normal-CxZf_p3X.woff                         [39m[1m[2m    9.94 kB[22m[1m[22m
[2mdist/[22m[32massets/inter-cyrillic-800-normal-CCHyn08d.woff                         [39m[1m[2m    9.94 kB[22m[1m[22m
[2mdist/[22m[32massets/inter-greek-800-normal-BU00tryP.woff                            [39m[1m[2m    9.96 kB[22m[1m[22m
[2mdist/[22m[32massets/inter-greek-500-normal-Xzm54t5V.woff                            [39m[1m[2m    9.98 kB[22m[1m[22m
[2mdist/[22m[32massets/inter-greek-700-normal-BUv2fZ6O.woff                            [39m[1m[2m    9.98 kB[22m[1m[22m
[2mdist/[22m[32massets/inter-greek-600-normal-BZpKdvQh.woff                            [39m[1m[2m   10.03 kB[22m[1m[22m
[2mdist/[22m[32massets/cairo-latin-ext-400-normal-C_BIE9Qe.woff                        [39m[1m[2m   10.16 kB[22m[1m[22m
[2mdist/[22m[32massets/inter-cyrillic-ext-400-normal-BQZuk6qB.woff2                    [39m[1m[2m   10.23 kB[22m[1m[22m
[2mdist/[22m[32massets/cairo-latin-ext-600-normal-DAfLYaOC.woff                        [39m[1m[2m   10.24 kB[22m[1m[22m
[2mdist/[22m[32massets/cairo-latin-ext-700-normal-htXca11Z.woff                        [39m[1m[2m   10.25 kB[22m[1m[22m
[2mdist/[22m[32massets/cairo-latin-ext-800-normal-RObK5hVW.woff                        [39m[1m[2m   10.26 kB[22m[1m[22m
[2mdist/[22m[32massets/cairo-latin-ext-500-normal-De4OTi8O.woff                        [39m[1m[2m   10.26 kB[22m[1m[22m
[2mdist/[22m[32massets/inter-cyrillic-ext-500-normal-B0yAr1jD.woff2                    [39m[1m[2m   10.43 kB[22m[1m[22m
[2mdist/[22m[32massets/inter-cyrillic-ext-800-normal-BZOjs1Xv.woff2                    [39m[1m[2m   10.44 kB[22m[1m[22m
[2mdist/[22m[32massets/inter-cyrillic-ext-600-normal-Dfes3d0z.woff2                    [39m[1m[2m   10.48 kB[22m[1m[22m
[2mdist/[22m[32massets/inter-cyrillic-ext-700-normal-BjwYoWNd.woff2                    [39m[1m[2m   10.50 kB[22m[1m[22m
[2mdist/[22m[32massets/footer-bg-Cfr4ltwR.png                                          [39m[1m[2m   11.26 kB[22m[1m[22m
[2mdist/[22m[32massets/cairo-arabic-400-normal-DN15VWMM.woff2                          [39m[1m[2m   13.29 kB[22m[1m[22m
[2mdist/[22m[32massets/inter-cyrillic-ext-400-normal-DQukG94-.woff                     [39m[1m[2m   13.34 kB[22m[1m[22m
[2mdist/[22m[32massets/inter-cyrillic-ext-700-normal-LO58E6JB.woff                     [39m[1m[2m   13.41 kB[22m[1m[22m
[2mdist/[22m[32massets/inter-cyrillic-ext-500-normal-BmqWE9Dz.woff                     [39m[1m[2m   13.45 kB[22m[1m[22m
[2mdist/[22m[32massets/inter-cyrillic-ext-600-normal-Bcila6Z-.woff                     [39m[1m[2m   13.46 kB[22m[1m[22m
[2mdist/[22m[32massets/inter-cyrillic-ext-800-normal-Ca-gJeZY.woff                     [39m[1m[2m   13.48 kB[22m[1m[22m
[2mdist/[22m[32massets/cairo-arabic-800-normal-G1qvPr6G.woff2                          [39m[1m[2m   13.89 kB[22m[1m[22m
[2mdist/[22m[32massets/cairo-arabic-500-normal-DDl0i4Xv.woff2                          [39m[1m[2m   13.89 kB[22m[1m[22m
[2mdist/[22m[32massets/cairo-arabic-600-normal-rkrvveqO.woff2                          [39m[1m[2m   13.90 kB[22m[1m[22m
[2mdist/[22m[32massets/cairo-arabic-700-normal-D3nDedWX.woff2                          [39m[1m[2m   13.95 kB[22m[1m[22m
[2mdist/[22m[32massets/cairo-latin-400-normal-Dh7otpdh.woff2                           [39m[1m[2m   15.02 kB[22m[1m[22m
[2mdist/[22m[32massets/cairo-latin-500-normal-D-WQsSKQ.woff2                           [39m[1m[2m   15.24 kB[22m[1m[22m
[2mdist/[22m[32massets/cairo-latin-600-normal-mGS0uvCM.woff2                           [39m[1m[2m   15.28 kB[22m[1m[22m
[2mdist/[22m[32massets/cairo-latin-700-normal-C3GYtKbV.woff2                           [39m[1m[2m   15.28 kB[22m[1m[22m
[2mdist/[22m[32massets/cairo-latin-800-normal-BBdTpBXf.woff2                           [39m[1m[2m   15.32 kB[22m[1m[22m
[2mdist/[22m[32massets/cairo-arabic-400-normal-CAYwymWN.woff                           [39m[1m[2m   16.81 kB[22m[1m[22m
[2mdist/[22m[32massets/cairo-arabic-700-normal-CyOqhaeK.woff                           [39m[1m[2m   17.26 kB[22m[1m[22m
[2mdist/[22m[32massets/cairo-arabic-800-normal-CVTPwINa.woff                           [39m[1m[2m   17.31 kB[22m[1m[22m
[2mdist/[22m[32massets/cairo-arabic-600-normal-B3EOalmC.woff                           [39m[1m[2m   17.34 kB[22m[1m[22m
[2mdist/[22m[32massets/cairo-arabic-500-normal-BADfnM6v.woff                           [39m[1m[2m   17.34 kB[22m[1m[22m
[2mdist/[22m[32massets/cairo-latin-400-normal-b1R3q6Pf.woff                            [39m[1m[2m   19.49 kB[22m[1m[22m
[2mdist/[22m[32massets/cairo-latin-500-normal-DkdkMETP.woff                            [39m[1m[2m   19.66 kB[22m[1m[22m
[2mdist/[22m[32massets/cairo-latin-600-normal-buYOP1M3.woff                            [39m[1m[2m   19.68 kB[22m[1m[22m
[2mdist/[22m[32massets/cairo-latin-700-normal-6fcUy4Rc.woff                            [39m[1m[2m   19.74 kB[22m[1m[22m
[2mdist/[22m[32massets/cairo-latin-800-normal-ReWrxM5E.woff                            [39m[1m[2m   19.75 kB[22m[1m[22m
[2mdist/[22m[32massets/inter-latin-400-normal-C38fXH4l.woff2                           [39m[1m[2m   23.66 kB[22m[1m[22m
[2mdist/[22m[32massets/inter-latin-500-normal-Cerq10X2.woff2                           [39m[1m[2m   24.27 kB[22m[1m[22m
[2mdist/[22m[32massets/inter-latin-700-normal-Yt3aPRUw.woff2                           [39m[1m[2m   24.36 kB[22m[1m[22m
[2mdist/[22m[32massets/inter-latin-800-normal-BYj_oED-.woff2                           [39m[1m[2m   24.40 kB[22m[1m[22m
[2mdist/[22m[32massets/inter-latin-600-normal-LgqL8muc.woff2                           [39m[1m[2m   24.45 kB[22m[1m[22m
[2mdist/[22m[32massets/inter-latin-400-normal-CyCys3Eg.woff                            [39m[1m[2m   30.70 kB[22m[1m[22m
[2mdist/[22m[32massets/inter-latin-600-normal-CiBQ2DWP.woff                            [39m[1m[2m   31.26 kB[22m[1m[22m
[2mdist/[22m[32massets/inter-latin-500-normal-BL9OpVg8.woff                            [39m[1m[2m   31.28 kB[22m[1m[22m
[2mdist/[22m[32massets/inter-latin-800-normal-D1mf63XC.woff                            [39m[1m[2m   31.30 kB[22m[1m[22m
[2mdist/[22m[32massets/inter-latin-700-normal-BLAVimhd.woff                            [39m[1m[2m   31.32 kB[22m[1m[22m
[2mdist/[22m[32massets/inter-latin-ext-400-normal-C1nco2VV.woff2                       [39m[1m[2m   35.00 kB[22m[1m[22m
[2mdist/[22m[32massets/inter-latin-ext-500-normal-CV4jyFjo.woff2                       [39m[1m[2m   36.02 kB[22m[1m[22m
[2mdist/[22m[32massets/inter-latin-ext-800-normal-DZJjya6U.woff2                       [39m[1m[2m   36.13 kB[22m[1m[22m
[2mdist/[22m[32massets/inter-latin-ext-700-normal-Ca8adRJv.woff2                       [39m[1m[2m   36.24 kB[22m[1m[22m
[2mdist/[22m[32massets/inter-latin-ext-600-normal-D2bJ5OIk.woff2                       [39m[1m[2m   36.26 kB[22m[1m[22m
[2mdist/[22m[32massets/inter-latin-ext-400-normal-77YHD8bZ.woff                        [39m[1m[2m   47.56 kB[22m[1m[22m
[2mdist/[22m[32massets/inter-latin-ext-500-normal-BxGbmqWO.woff                        [39m[1m[2m   48.49 kB[22m[1m[22m
[2mdist/[22m[32massets/inter-latin-ext-800-normal-BOMpwxm3.woff                        [39m[1m[2m   48.59 kB[22m[1m[22m
[2mdist/[22m[32massets/inter-latin-ext-700-normal-TidjK2hL.woff                        [39m[1m[2m   48.63 kB[22m[1m[22m
[2mdist/[22m[32massets/inter-latin-ext-600-normal-CIVaiw4L.woff                        [39m[1m[2m   48.67 kB[22m[1m[22m
[2mdist/[22m[32massets/news-CbDehsBw.jpg                                               [39m[1m[2m  340.88 kB[22m[1m[22m
[2mdist/[22m[32massets/herosection-3-DurcPaOf.png                                      [39m[1m[2m  346.19 kB[22m[1m[22m
[2mdist/[22m[32massets/herosection-2-COexUalK.png                                      [39m[1m[2m  388.85 kB[22m[1m[22m
[2mdist/[22m[32massets/herosection-4-DhZOq7n8.png                                      [39m[1m[2m  405.13 kB[22m[1m[22m
[2mdist/[22m[32massets/activity-BllLI12H.jpg                                           [39m[1m[2m  587.67 kB[22m[1m[22m
[2mdist/[22m[32massets/requestdDemoBg-C3WiqYOg.png                                     [39m[1m[2m1,077.20 kB[22m[1m[22m
[2mdist/[22m[32massets/herosection-gp8D-LVN.png                                        [39m[1m[2m1,121.26 kB[22m[1m[22m
[2mdist/[22m[32massets/Inspiring_Connecting_Empowering_Experiences_Video-DOYy0_O5.mp4  [39m[1m[2m1,623.80 kB[22m[1m[22m
[2mdist/[22m[32massets/event-X781AHR0.jpg                                              [39m[1m[2m1,896.20 kB[22m[1m[22m
[2mdist/[22m[35massets/PublicListingPage-BK1HmIcr.css                                  [39m[1m[2m    1.35 kB[22m[1m[22m[2m │ gzip:   0.53 kB[22m
[2mdist/[22m[35massets/RequestDemoPage-DwQYGqwB.css                                    [39m[1m[2m    1.97 kB[22m[1m[22m[2m │ gzip:   0.71 kB[22m
[2mdist/[22m[35massets/HomePage-DKRRxTD6.css                                           [39m[1m[2m    5.65 kB[22m[1m[22m[2m │ gzip:   1.45 kB[22m
[2mdist/[22m[35massets/index-B2fXk8h7.css                                              [39m[1m[2m   96.03 kB[22m[1m[22m[2m │ gzip:  16.56 kB[22m
[2mdist/[22m[36massets/Loading-dgWAUfOe.js                                             [39m[1m[2m    0.14 kB[22m[1m[22m[2m │ gzip:   0.14 kB[22m
[2mdist/[22m[36massets/context-ukMT5O5g.js                                             [39m[1m[2m    0.15 kB[22m[1m[22m[2m │ gzip:   0.15 kB[22m
[2mdist/[22m[36massets/arrow-right-c5OkGGpi.js                                         [39m[1m[2m    0.17 kB[22m[1m[22m[2m │ gzip:   0.16 kB[22m
[2mdist/[22m[36massets/AppHome-BlXFjNGD.js                                             [39m[1m[2m    0.18 kB[22m[1m[22m[2m │ gzip:   0.17 kB[22m
[2mdist/[22m[36massets/flame-BlbweKTH.js                                               [39m[1m[2m    0.20 kB[22m[1m[22m[2m │ gzip:   0.18 kB[22m
[2mdist/[22m[36massets/constants-BmOwSpN0.js                                           [39m[1m[2m    0.20 kB[22m[1m[22m[2m │ gzip:   0.18 kB[22m
[2mdist/[22m[36massets/EventsPage-5WP-tR81.js                                          [39m[1m[2m    0.22 kB[22m[1m[22m[2m │ gzip:   0.18 kB[22m
[2mdist/[22m[36massets/download-BN1w3bct.js                                            [39m[1m[2m    0.23 kB[22m[1m[22m[2m │ gzip:   0.19 kB[22m
[2mdist/[22m[36massets/circle-play-b6JiYPxu.js                                         [39m[1m[2m    0.25 kB[22m[1m[22m[2m │ gzip:   0.21 kB[22m
[2mdist/[22m[36massets/ActivitiesPage-B-qGjJov.js                                      [39m[1m[2m    0.26 kB[22m[1m[22m[2m │ gzip:   0.20 kB[22m
[2mdist/[22m[36massets/chart-pie-DSWluAoK.js                                           [39m[1m[2m    0.27 kB[22m[1m[22m[2m │ gzip:   0.23 kB[22m
[2mdist/[22m[36massets/helpers-ChyT7FvY.js                                             [39m[1m[2m    0.28 kB[22m[1m[22m[2m │ gzip:   0.23 kB[22m
[2mdist/[22m[36massets/constants-DvdcbsmD.js                                           [39m[1m[2m    0.31 kB[22m[1m[22m[2m │ gzip:   0.24 kB[22m
[2mdist/[22m[36massets/components-63Byb7Z9.js                                          [39m[1m[2m    0.40 kB[22m[1m[22m[2m │ gzip:   0.28 kB[22m
[2mdist/[22m[36massets/sparkles-CeXiPNUD.js                                            [39m[1m[2m    0.50 kB[22m[1m[22m[2m │ gzip:   0.29 kB[22m
[2mdist/[22m[36massets/NewsPage-DAQCdWlc.js                                            [39m[1m[2m    0.50 kB[22m[1m[22m[2m │ gzip:   0.34 kB[22m
[2mdist/[22m[36massets/Thumb-DCgVOSiS.js                                               [39m[1m[2m    0.54 kB[22m[1m[22m[2m │ gzip:   0.39 kB[22m
[2mdist/[22m[36massets/LeaderboardRow-CmdOI5oQ.js                                      [39m[1m[2m    0.54 kB[22m[1m[22m[2m │ gzip:   0.32 kB[22m
[2mdist/[22m[36massets/SchoolAuditPage-C2sEf394.js                                     [39m[1m[2m    0.63 kB[22m[1m[22m[2m │ gzip:   0.40 kB[22m
[2mdist/[22m[36massets/Heatmap-CxCSP8_j.js                                             [39m[1m[2m    0.64 kB[22m[1m[22m[2m │ gzip:   0.35 kB[22m
[2mdist/[22m[36massets/SystemAuditPage-D6DZQeuB.js                                     [39m[1m[2m    0.64 kB[22m[1m[22m[2m │ gzip:   0.40 kB[22m
[2mdist/[22m[36massets/components-DzPegUxm.js                                          [39m[1m[2m    0.64 kB[22m[1m[22m[2m │ gzip:   0.37 kB[22m
[2mdist/[22m[36massets/SystemPlansPage-D_MAaQ3Z.js                                     [39m[1m[2m    0.67 kB[22m[1m[22m[2m │ gzip:   0.42 kB[22m
[2mdist/[22m[36massets/SystemSubscriptionsPage-BL-ZJoVV.js                             [39m[1m[2m    0.67 kB[22m[1m[22m[2m │ gzip:   0.41 kB[22m
[2mdist/[22m[36massets/UnitCard-DmL7Bud4.js                                            [39m[1m[2m    0.68 kB[22m[1m[22m[2m │ gzip:   0.33 kB[22m
[2mdist/[22m[36massets/ParentSettingsPage-Bg85iaAG.js                                  [39m[1m[2m    0.68 kB[22m[1m[22m[2m │ gzip:   0.42 kB[22m
[2mdist/[22m[36massets/TeacherSettingsPage-B0tfsPxD.js                                 [39m[1m[2m    0.68 kB[22m[1m[22m[2m │ gzip:   0.42 kB[22m
[2mdist/[22m[36massets/SchoolSubjectsPage-CCXYr5m8.js                                  [39m[1m[2m    0.74 kB[22m[1m[22m[2m │ gzip:   0.44 kB[22m
[2mdist/[22m[36massets/helpers-CXkt4pTt.js                                             [39m[1m[2m    0.74 kB[22m[1m[22m[2m │ gzip:   0.45 kB[22m
[2mdist/[22m[36massets/SystemSecurityPage-DeuZAd3Q.js                                  [39m[1m[2m    0.75 kB[22m[1m[22m[2m │ gzip:   0.44 kB[22m
[2mdist/[22m[36massets/SchoolCommunitiesPage-Bj2UN4Or.js                               [39m[1m[2m    0.76 kB[22m[1m[22m[2m │ gzip:   0.44 kB[22m
[2mdist/[22m[36massets/SchoolCompetitionsPage-Bs-ktRcq.js                              [39m[1m[2m    0.76 kB[22m[1m[22m[2m │ gzip:   0.44 kB[22m
[2mdist/[22m[36massets/ParentVisionPage-tOxhUcgr.js                                    [39m[1m[2m    0.79 kB[22m[1m[22m[2m │ gzip:   0.48 kB[22m
[2mdist/[22m[36massets/SchoolProfilePage-DHU57Rqf.js                                   [39m[1m[2m    0.80 kB[22m[1m[22m[2m │ gzip:   0.47 kB[22m
[2mdist/[22m[36massets/SchoolSubscriptionPage-B_3yN3e5.js                              [39m[1m[2m    0.80 kB[22m[1m[22m[2m │ gzip:   0.47 kB[22m
[2mdist/[22m[36massets/ChildCard-lSXTBlvQ.js                                           [39m[1m[2m    0.81 kB[22m[1m[22m[2m │ gzip:   0.34 kB[22m
[2mdist/[22m[36massets/PublicListingPage-64Oe1t_O.js                                   [39m[1m[2m    0.84 kB[22m[1m[22m[2m │ gzip:   0.36 kB[22m
[2mdist/[22m[36massets/SystemBackupsPage-DCucUmt6.js                                   [39m[1m[2m    0.86 kB[22m[1m[22m[2m │ gzip:   0.49 kB[22m
[2mdist/[22m[36massets/SchoolStoragePage-CSe2IWAT.js                                   [39m[1m[2m    0.87 kB[22m[1m[22m[2m │ gzip:   0.49 kB[22m
[2mdist/[22m[36massets/SystemErrorMonitoringPage-BvHp1mpX.js                           [39m[1m[2m    0.89 kB[22m[1m[22m[2m │ gzip:   0.50 kB[22m
[2mdist/[22m[36massets/SystemStoragePage-9dRGPyMd.js                                   [39m[1m[2m    0.90 kB[22m[1m[22m[2m │ gzip:   0.52 kB[22m
[2mdist/[22m[36massets/virtual_pwa-register-b3nyOCkY.js                                [39m[1m[2m    0.92 kB[22m[1m[22m[2m │ gzip:   0.54 kB[22m
[2mdist/[22m[36massets/StudentSettingsPage-DEM5Gpme.js                                 [39m[1m[2m    0.92 kB[22m[1m[22m[2m │ gzip:   0.48 kB[22m
[2mdist/[22m[36massets/QuizCard-D0APrFo7.js                                            [39m[1m[2m    0.99 kB[22m[1m[22m[2m │ gzip:   0.50 kB[22m
[2mdist/[22m[36massets/TeacherOfficeHoursPage-BwVqBmPJ.js                              [39m[1m[2m    1.02 kB[22m[1m[22m[2m │ gzip:   0.54 kB[22m
[2mdist/[22m[36massets/TeacherUnitsPage-xEG05Q0H.js                                    [39m[1m[2m    1.04 kB[22m[1m[22m[2m │ gzip:   0.60 kB[22m
[2mdist/[22m[36massets/Ring-B50gRu2S.js                                                [39m[1m[2m    1.04 kB[22m[1m[22m[2m │ gzip:   0.60 kB[22m
[2mdist/[22m[36massets/ParentConversationsPage-GcLY48mH.js                             [39m[1m[2m    1.05 kB[22m[1m[22m[2m │ gzip:   0.55 kB[22m
[2mdist/[22m[36massets/ParentChildrenPage-DRaWOCBC.js                                  [39m[1m[2m    1.08 kB[22m[1m[22m[2m │ gzip:   0.60 kB[22m
[2mdist/[22m[36massets/SchoolReportsPage-CYBqcQsF.js                                   [39m[1m[2m    1.09 kB[22m[1m[22m[2m │ gzip:   0.55 kB[22m
[2mdist/[22m[36massets/TeacherLessonPage-DTr9KIRw.js                                   [39m[1m[2m    1.18 kB[22m[1m[22m[2m │ gzip:   0.62 kB[22m
[2mdist/[22m[36massets/SchoolAiUsagePage-B7GsGJv5.js                                   [39m[1m[2m    1.21 kB[22m[1m[22m[2m │ gzip:   0.60 kB[22m
[2mdist/[22m[36massets/SchoolCurriculumPage-AL8A3UTF.js                                [39m[1m[2m    1.23 kB[22m[1m[22m[2m │ gzip:   0.53 kB[22m
[2mdist/[22m[36massets/ProfilePage-V31nXc6x.js                                         [39m[1m[2m    1.23 kB[22m[1m[22m[2m │ gzip:   0.57 kB[22m
[2mdist/[22m[36massets/ParentAnnouncementsPage-Cw9IbpS_.js                             [39m[1m[2m    1.29 kB[22m[1m[22m[2m │ gzip:   0.63 kB[22m
[2mdist/[22m[36massets/SchoolGradesPage-Dg548h6V.js                                    [39m[1m[2m    1.29 kB[22m[1m[22m[2m │ gzip:   0.69 kB[22m
[2mdist/[22m[36massets/SystemAiUsagePage-CRMzHsJd.js                                   [39m[1m[2m    1.29 kB[22m[1m[22m[2m │ gzip:   0.64 kB[22m
[2mdist/[22m[36massets/StudentAnnouncementsPage-CoDCw_Vc.js                            [39m[1m[2m    1.38 kB[22m[1m[22m[2m │ gzip:   0.68 kB[22m
[2mdist/[22m[36massets/SystemUsagePage-CD_WA6fa.js                                     [39m[1m[2m    1.40 kB[22m[1m[22m[2m │ gzip:   0.68 kB[22m
[2mdist/[22m[36massets/StudentSuggestionsPage-CEXDkgKs.js                              [39m[1m[2m    1.43 kB[22m[1m[22m[2m │ gzip:   0.70 kB[22m
[2mdist/[22m[36massets/SchoolSupportPage-BTxxUOpD.js                                   [39m[1m[2m    1.52 kB[22m[1m[22m[2m │ gzip:   0.85 kB[22m
[2mdist/[22m[36massets/SystemTenantsPage-CgFJ1B1w.js                                   [39m[1m[2m    1.53 kB[22m[1m[22m[2m │ gzip:   0.79 kB[22m
[2mdist/[22m[36massets/SystemSupportPage-CzyJA_rP.js                                   [39m[1m[2m    1.53 kB[22m[1m[22m[2m │ gzip:   0.85 kB[22m
[2mdist/[22m[36massets/SystemAnnouncementsPage-jo6gn2ve.js                             [39m[1m[2m    1.57 kB[22m[1m[22m[2m │ gzip:   0.76 kB[22m
[2mdist/[22m[36massets/TeacherSubjectsPage-BlkKIu7c.js                                 [39m[1m[2m    1.63 kB[22m[1m[22m[2m │ gzip:   0.72 kB[22m
[2mdist/[22m[36massets/studentDemoData-CYI3UjE3.js                                     [39m[1m[2m    1.65 kB[22m[1m[22m[2m │ gzip:   0.71 kB[22m
[2mdist/[22m[36massets/TeacherNotificationsPage-B3b4At1S.js                            [39m[1m[2m    1.67 kB[22m[1m[22m[2m │ gzip:   0.82 kB[22m
[2mdist/[22m[36massets/ParentChildPointsPage-BzDQwyAE.js                               [39m[1m[2m    1.69 kB[22m[1m[22m[2m │ gzip:   0.81 kB[22m
[2mdist/[22m[36massets/visionApi-DvrE7dmZ.js                                           [39m[1m[2m    1.73 kB[22m[1m[22m[2m │ gzip:   0.63 kB[22m
[2mdist/[22m[36massets/TeacherDashboardPage-BIsNNXDS.js                                [39m[1m[2m    1.74 kB[22m[1m[22m[2m │ gzip:   0.72 kB[22m
[2mdist/[22m[36massets/ParentNotificationsPage-Co-fyaK9.js                             [39m[1m[2m    1.77 kB[22m[1m[22m[2m │ gzip:   0.86 kB[22m
[2mdist/[22m[36massets/StudentVisionPage-R6OERxmv.js                                   [39m[1m[2m    1.78 kB[22m[1m[22m[2m │ gzip:   0.67 kB[22m
[2mdist/[22m[36massets/SystemHealthPage-QAgpWs0j.js                                    [39m[1m[2m    1.82 kB[22m[1m[22m[2m │ gzip:   0.72 kB[22m
[2mdist/[22m[36massets/SchoolAcademicYearsPage-CwuKyQ81.js                             [39m[1m[2m    1.98 kB[22m[1m[22m[2m │ gzip:   0.90 kB[22m
[2mdist/[22m[36massets/SchoolDocumentRequestsPage-ByK1Qyk-.js                          [39m[1m[2m    1.98 kB[22m[1m[22m[2m │ gzip:   0.95 kB[22m
[2mdist/[22m[36massets/ParentChildProgressPage-BgJLFVlf.js                             [39m[1m[2m    2.00 kB[22m[1m[22m[2m │ gzip:   0.85 kB[22m
[2mdist/[22m[36massets/SystemSettingsPage-DbDHfyxd.js                                  [39m[1m[2m    2.01 kB[22m[1m[22m[2m │ gzip:   0.91 kB[22m
[2mdist/[22m[36massets/StudentNotificationsPage-CivDF4Wi.js                            [39m[1m[2m    2.05 kB[22m[1m[22m[2m │ gzip:   0.90 kB[22m
[2mdist/[22m[36massets/theme-DdTc91A1.js                                               [39m[1m[2m    2.17 kB[22m[1m[22m[2m │ gzip:   1.08 kB[22m
[2mdist/[22m[36massets/ParentDashboardPage-BI_qZ6sA.js                                 [39m[1m[2m    2.18 kB[22m[1m[22m[2m │ gzip:   0.92 kB[22m
[2mdist/[22m[36massets/SchoolSettingsPage-CHrhQ1Qs.js                                  [39m[1m[2m    2.21 kB[22m[1m[22m[2m │ gzip:   1.00 kB[22m
[2mdist/[22m[36massets/useMutation-DxXwbsF1.js                                         [39m[1m[2m    2.21 kB[22m[1m[22m[2m │ gzip:   0.91 kB[22m
[2mdist/[22m[36massets/StudentMaterialsPage-DXhxz7gk.js                                [39m[1m[2m    2.22 kB[22m[1m[22m[2m │ gzip:   1.05 kB[22m
[2mdist/[22m[36massets/TeacherClassesPage-C0dPBdT6.js                                  [39m[1m[2m    2.22 kB[22m[1m[22m[2m │ gzip:   0.91 kB[22m
[2mdist/[22m[36massets/CommunicationPreferencesPage-BNvndxIt.js                        [39m[1m[2m    2.24 kB[22m[1m[22m[2m │ gzip:   0.93 kB[22m
[2mdist/[22m[36massets/SchoolAnnouncementsPage-ClZv620B.js                             [39m[1m[2m    2.26 kB[22m[1m[22m[2m │ gzip:   0.98 kB[22m
[2mdist/[22m[36massets/TeacherQuizGeneratePage-BQP5yG3B.js                             [39m[1m[2m    2.28 kB[22m[1m[22m[2m │ gzip:   1.06 kB[22m
[2mdist/[22m[36massets/SystemFeatureFlagsPage-CAbUZvW4.js                              [39m[1m[2m    2.33 kB[22m[1m[22m[2m │ gzip:   0.98 kB[22m
[2mdist/[22m[36massets/SchoolTermsPage-BcH0qiVA.js                                     [39m[1m[2m    2.33 kB[22m[1m[22m[2m │ gzip:   1.03 kB[22m
[2mdist/[22m[36massets/StudentOfficeHoursPage-DS0R8eKg.js                              [39m[1m[2m    2.35 kB[22m[1m[22m[2m │ gzip:   0.86 kB[22m
[2mdist/[22m[36massets/SecurityPage-90DSRs0l.js                                        [39m[1m[2m    2.36 kB[22m[1m[22m[2m │ gzip:   1.08 kB[22m
[2mdist/[22m[36massets/SchoolClassesPage-C3EjvI2o.js                                   [39m[1m[2m    2.42 kB[22m[1m[22m[2m │ gzip:   1.03 kB[22m
[2mdist/[22m[36massets/CommunicationNotificationsPage-DmE1sC3L.js                      [39m[1m[2m    2.44 kB[22m[1m[22m[2m │ gzip:   1.01 kB[22m
[2mdist/[22m[36massets/CommunicationThreadPage-CdG08BMP.js                             [39m[1m[2m    2.60 kB[22m[1m[22m[2m │ gzip:   1.17 kB[22m
[2mdist/[22m[36massets/ParentChildOverviewPage-Bd44zfwx.js                             [39m[1m[2m    2.60 kB[22m[1m[22m[2m │ gzip:   0.93 kB[22m
[2mdist/[22m[36massets/ParentChildAttendancePage-Dq5KcFOX.js                           [39m[1m[2m    2.63 kB[22m[1m[22m[2m │ gzip:   1.01 kB[22m
[2mdist/[22m[36massets/SchoolUsersPage-Bf8zsFPf.js                                     [39m[1m[2m    2.68 kB[22m[1m[22m[2m │ gzip:   1.21 kB[22m
[2mdist/[22m[36massets/SchoolDashboardPage-D9FmIhLn.js                                 [39m[1m[2m    2.80 kB[22m[1m[22m[2m │ gzip:   0.99 kB[22m
[2mdist/[22m[36massets/LoginPage-DdkL_m5x.js                                           [39m[1m[2m    2.81 kB[22m[1m[22m[2m │ gzip:   1.27 kB[22m
[2mdist/[22m[36massets/CommunicationMessagesPage-DbXLMaUg.js                           [39m[1m[2m    2.88 kB[22m[1m[22m[2m │ gzip:   1.16 kB[22m
[2mdist/[22m[36massets/SystemDashboardPage-W90q0ief.js                                 [39m[1m[2m    2.95 kB[22m[1m[22m[2m │ gzip:   1.12 kB[22m
[2mdist/[22m[36massets/StudentProgressPage-BKAqhZg5.js                                 [39m[1m[2m    3.01 kB[22m[1m[22m[2m │ gzip:   1.27 kB[22m
[2mdist/[22m[36massets/SchoolRelationshipsPage-DIx2yapG.js                             [39m[1m[2m    3.06 kB[22m[1m[22m[2m │ gzip:   1.18 kB[22m
[2mdist/[22m[36massets/StudentAttendancePage-Zc1xr_dQ.js                               [39m[1m[2m    3.11 kB[22m[1m[22m[2m │ gzip:   1.15 kB[22m
[2mdist/[22m[36massets/parentApi-DZMt8Ylm.js                                           [39m[1m[2m    3.19 kB[22m[1m[22m[2m │ gzip:   1.21 kB[22m
[2mdist/[22m[36massets/StudentCommunitiesPage--mUQUjSV.js                              [39m[1m[2m    3.21 kB[22m[1m[22m[2m │ gzip:   1.29 kB[22m
[2mdist/[22m[36massets/systemApi-Coj-S850.js                                           [39m[1m[2m    3.40 kB[22m[1m[22m[2m │ gzip:   1.06 kB[22m
[2mdist/[22m[36massets/TeacherSubmissionPage-Dcwublof.js                               [39m[1m[2m    3.48 kB[22m[1m[22m[2m │ gzip:   1.41 kB[22m
[2mdist/[22m[36massets/studentUtils-D-aS5Sfb.js                                        [39m[1m[2m    3.48 kB[22m[1m[22m[2m │ gzip:   1.37 kB[22m
[2mdist/[22m[36massets/index-zibDaa32.js                                               [39m[1m[2m    3.86 kB[22m[1m[22m[2m │ gzip:   1.51 kB[22m
[2mdist/[22m[36massets/StudentSubjectsPage-CqJyhOIj.js                                 [39m[1m[2m    4.11 kB[22m[1m[22m[2m │ gzip:   1.59 kB[22m
[2mdist/[22m[36massets/HomePage-DjBlkc5m.js                                            [39m[1m[2m    4.20 kB[22m[1m[22m[2m │ gzip:   1.40 kB[22m
[2mdist/[22m[36massets/StudentCompetitionsPage-WlSnxQOt.js                             [39m[1m[2m    4.28 kB[22m[1m[22m[2m │ gzip:   1.54 kB[22m
[2mdist/[22m[36massets/SystemTenantDetailsPage-BVG-xd8i.js                             [39m[1m[2m    4.29 kB[22m[1m[22m[2m │ gzip:   1.47 kB[22m
[2mdist/[22m[36massets/StudentBadgesPage-CU4oNq00.js                                   [39m[1m[2m    4.30 kB[22m[1m[22m[2m │ gzip:   1.49 kB[22m
[2mdist/[22m[36massets/teacherApi-9tNmzhTm.js                                          [39m[1m[2m    4.33 kB[22m[1m[22m[2m │ gzip:   1.14 kB[22m
[2mdist/[22m[36massets/SchoolTeacherAssignmentsPage-carfFxVi.js                        [39m[1m[2m    4.36 kB[22m[1m[22m[2m │ gzip:   1.31 kB[22m
[2mdist/[22m[36massets/schoolApi-C3-a4_GO.js                                           [39m[1m[2m    4.50 kB[22m[1m[22m[2m │ gzip:   1.26 kB[22m
[2mdist/[22m[36massets/SystemOnboardingPage-HbOmaCk_.js                                [39m[1m[2m    4.60 kB[22m[1m[22m[2m │ gzip:   1.55 kB[22m
[2mdist/[22m[36massets/TeacherStudentsPage-G02Wjokf.js                                 [39m[1m[2m    4.83 kB[22m[1m[22m[2m │ gzip:   1.91 kB[22m
[2mdist/[22m[36massets/StudentUnitsPage-D8MTjVer.js                                    [39m[1m[2m    4.91 kB[22m[1m[22m[2m │ gzip:   2.12 kB[22m
[2mdist/[22m[36massets/ParentDocumentsPage-BhG0c0tU.js                                 [39m[1m[2m    5.21 kB[22m[1m[22m[2m │ gzip:   2.07 kB[22m
[2mdist/[22m[36massets/StudentTutorPage-CjkukEWL.js                                    [39m[1m[2m    5.27 kB[22m[1m[22m[2m │ gzip:   2.14 kB[22m
[2mdist/[22m[36massets/StudentQuizAttemptPage-CkTN6Wl7.js                              [39m[1m[2m    5.37 kB[22m[1m[22m[2m │ gzip:   2.27 kB[22m
[2mdist/[22m[36massets/RequestDemoPage-DNYI4flt.js                                     [39m[1m[2m    5.48 kB[22m[1m[22m[2m │ gzip:   1.93 kB[22m
[2mdist/[22m[36massets/workbox-window.prod.es5-BBnX5xw4.js                             [39m[1m[2m    5.75 kB[22m[1m[22m[2m │ gzip:   2.36 kB[22m
[2mdist/[22m[36massets/studentApi-xBzMnFRL.js                                          [39m[1m[2m    5.92 kB[22m[1m[22m[2m │ gzip:   1.38 kB[22m
[2mdist/[22m[36massets/StudentQuizResultPage-DoCO8udi.js                               [39m[1m[2m    6.24 kB[22m[1m[22m[2m │ gzip:   2.03 kB[22m
[2mdist/[22m[36massets/TeacherQuizzesPage-CHzEZlxQ.js                                  [39m[1m[2m    6.57 kB[22m[1m[22m[2m │ gzip:   2.34 kB[22m
[2mdist/[22m[36massets/StudentSubjectDetailsPage-DBVsY5xM.js                           [39m[1m[2m    6.75 kB[22m[1m[22m[2m │ gzip:   2.63 kB[22m
[2mdist/[22m[36massets/StudentLessonsPage-5CkM01tN.js                                  [39m[1m[2m    7.82 kB[22m[1m[22m[2m │ gzip:   3.13 kB[22m
[2mdist/[22m[36massets/StudentQuizzesPage-D8IIbLIt.js                                  [39m[1m[2m    8.70 kB[22m[1m[22m[2m │ gzip:   3.08 kB[22m
[2mdist/[22m[36massets/StudentHomeworkPage-Dq3_jyh2.js                                 [39m[1m[2m    9.31 kB[22m[1m[22m[2m │ gzip:   3.48 kB[22m
[2mdist/[22m[36massets/VisionStaffPage-yRfu0jQj.js                                     [39m[1m[2m    9.39 kB[22m[1m[22m[2m │ gzip:   2.67 kB[22m
[2mdist/[22m[36massets/StudentDashboardPage-CabOjc1j.js                                [39m[1m[2m   10.15 kB[22m[1m[22m[2m │ gzip:   2.96 kB[22m
[2mdist/[22m[36massets/zod-Dw2WKk0g.js                                                 [39m[1m[2m   28.48 kB[22m[1m[22m[2m │ gzip:  10.54 kB[22m
[2mdist/[22m[36massets/index-CwFrb3pF.js                                               [39m[1m[2m   55.80 kB[22m[1m[22m[2m │ gzip:  14.44 kB[22m
[2mdist/[22m[36massets/index-XJIPbE2x.js                                               [39m[1m[33m  575.83 kB[39m[22m[2m │ gzip: 172.50 kB[22m
[33m
(!) Some chunks are larger than 500 kB after minification. Consider:
- Using dynamic import() to code-split the application
- Use build.rollupOptions.output.manualChunks to improve chunking: https://rollupjs.org/configuration-options/#output-manualchunks
- Adjust chunk size limit for this warning via build.chunkSizeWarningLimit.[39m
[32m✓ built in 3.22s[39m
Browserslist: browsers data (caniuse-lite) is 6 months old. Please run:
  npx update-browserslist-db@latest
  Why you should do it regularly: https://github.com/browserslist/update-db#readme

PWA v1.3.0
mode      generateSW
precache  209 entries (4997.74 KiB)
files generated
  dist/sw.js
  dist/workbox-98f7a950.js
